[INFO] 15:28:07:785 tp0/(18995:18995): Hola! Soy un log
[INFO] 15:28:07:785 tp0/(18995:18995): "aguante Banfield"
[INFO] 15:28:15:472 tp0/(18995:18995): pablo
[INFO] 15:28:16:952 tp0/(18995:18995): karina
[INFO] 15:29:51:248 tp0/(19395:19395): Hola! Soy un log
[INFO] 15:29:51:248 tp0/(19395:19395): "aguante Banfield"
[INFO] 16:18:59:159 tp0/(8789:8789): Hola! Soy un log
[INFO] 16:18:59:180 tp0/(8789:8789): "aguante Banfield"
[INFO] 16:19:55:339 tp0/(8789:8789): boca cagon
[INFO] 16:20:05:113 tp0/(8789:8789): river el mas grande
[INFO] 16:24:42:289 tp0/(9568:9568): Hola! Soy un log
[INFO] 16:24:42:289 tp0/(9568:9568): "aguante Banfield"
[INFO] 16:24:48:485 tp0/(9568:9568): boca el mas grande
[INFO] 16:24:53:180 tp0/(9568:9568): river amargo
[INFO] 16:24:56:962 tp0/(9568:9568): 
[INFO] 16:26:43:586 tp0/(9893:9893): Hola! Soy un log
[INFO] 16:26:43:586 tp0/(9893:9893): "aguante Banfield"
[INFO] 16:26:48:846 tp0/(9893:9893): hola hola
[INFO] 16:26:50:838 tp0/(9893:9893): banfield
[INFO] 16:26:51:798 tp0/(9893:9893): 
[INFO] 16:30:43:894 tp0/(10400:10400): Hola! Soy un log
[INFO] 16:30:43:894 tp0/(10400:10400): "aguante Banfield"
[INFO] 16:30:46:862 tp0/(10400:10400): 
